# JRE version: OpenJDK Runtime Environment Temurin-21.0.10+7 (21.0.10+7) (build 21.0.10+7-LTS)
# Java VM: OpenJDK 64-Bit Server VM Temurin-21.0.10+7 (21.0.10+7-LTS, mixed mode, sharing, tiered, compressed oops, compressed class ptrs, parallel gc, windows-amd64)
GC Precious Log:
 CardTable entry size: 512
 CPUs: 16 total, 16 available
 Memory: 7876M
 Large Page Support: Disabled
 NUMA Support: Disabled
 Compressed Oops: Enabled (32-bit)
 Alignments: Space 512K, Generation 512K, Heap 2M
 Heap Min Capacity: 100M
 Heap Initial Capacity: 100M
 Heap Max Capacity: 2G
 Pre-touch: Disabled
 Parallel Workers: 13
Heap:
 PSYoungGen      total 35328K, used 21998K [0x00000000d5580000, 0x00000000d8480000, 0x0000000100000000)
  eden space 30720K, 56% used [0x00000000d5580000,0x00000000d6682958,0x00000000d7380000)
  from space 4608K, 99% used [0x00000000d7680000,0x00000000d7af9230,0x00000000d7b00000)
  to   space 8704K, 0% used [0x00000000d7c00000,0x00000000d7c00000,0x00000000d8480000)
 ParOldGen       total 1096192K, used 351651K [0x0000000080000000, 0x00000000c2e80000, 0x00000000d5580000)
  object space 1096192K, 32% used [0x0000000080000000,0x0000000095768d30,0x00000000c2e80000)
 Metaspace       used 93428K, committed 95360K, reserved 1179648K
  class space    used 9229K, committed 10112K, reserved 1048576K
GC Heap History (20 events):
Event: 1098.027 GC heap before
{Heap before GC invocations=2458 (full 6):
 PSYoungGen      total 38912K, used 31953K [0x00000000d5580000, 0x00000000d8280000, 0x0000000100000000)
  eden space 37376K, 84% used [0x00000000d5580000,0x00000000d7484700,0x00000000d7a00000)
  from space 1536K, 12% used [0x00000000d7f80000,0x00000000d7fb0000,0x00000000d8100000)
  to   space 512K, 0% used [0x00000000d8200000,0x00000000d8200000,0x00000000d8280000)
 ParOldGen       total 1096192K, used 303112K [0x0000000080000000, 0x00000000c2e80000, 0x00000000d5580000)
  object space 1096192K, 27% used [0x0000000080000000,0x00000000928022e8,0x00000000c2e80000)
 Metaspace       used 91997K, committed 93888K, reserved 1179648K
  class space    used 9078K, committed 9984K, reserved 1048576K
}
Event: 1098.064 GC heap after
{Heap after GC invocations=2458 (full 6):
 PSYoungGen      total 36864K, used 464K [0x00000000d5580000, 0x00000000d8280000, 0x0000000100000000)
  eden space 36352K, 0% used [0x00000000d5580000,0x00000000d5580000,0x00000000d7900000)
  from space 512K, 90% used [0x00000000d8200000,0x00000000d8274010,0x00000000d8280000)
  to   space 1024K, 0% used [0x00000000d8080000,0x00000000d8080000,0x00000000d8180000)
 ParOldGen       total 1096192K, used 326160K [0x0000000080000000, 0x00000000c2e80000, 0x00000000d5580000)
  object space 1096192K, 29% used [0x0000000080000000,0x0000000093e84308,0x00000000c2e80000)
 Metaspace       used 91997K, committed 93888K, reserved 1179648K
  class space    used 9078K, committed 9984K, reserved 1048576K
}
Event: 1220.329 GC heap before
{Heap before GC invocations=2459 (full 6):
 PSYoungGen      total 36864K, used 36816K [0x00000000d5580000, 0x00000000d8280000, 0x0000000100000000)
  eden space 36352K, 100% used [0x00000000d5580000,0x00000000d7900000,0x00000000d7900000)
  from space 512K, 90% used [0x00000000d8200000,0x00000000d8274010,0x00000000d8280000)
  to   space 1024K, 0% used [0x00000000d8080000,0x00000000d8080000,0x00000000d8180000)
 ParOldGen       total 1096192K, used 326160K [0x0000000080000000, 0x00000000c2e80000, 0x00000000d5580000)
  object space 1096192K, 29% used [0x0000000080000000,0x0000000093e84308,0x00000000c2e80000)
 Metaspace       used 92916K, committed 94848K, reserved 1179648K
  class space    used 9178K, committed 10112K, reserved 1048576K
}
Event: 1220.502 GC heap after
{Heap after GC invocations=2459 (full 6):
 PSYoungGen      total 36352K, used 1017K [0x00000000d5580000, 0x00000000d8a00000, 0x0000000100000000)
  eden space 35328K, 0% used [0x00000000d5580000,0x00000000d5580000,0x00000000d7800000)
  from space 1024K, 99% used [0x00000000d8080000,0x00000000d817e5f8,0x00000000d8180000)
  to   space 8704K, 0% used [0x00000000d8180000,0x00000000d8180000,0x00000000d8a00000)
 ParOldGen       total 1096192K, used 332776K [0x0000000080000000, 0x00000000c2e80000, 0x00000000d5580000)
  object space 1096192K, 30% used [0x0000000080000000,0x00000000944fa0e8,0x00000000c2e80000)
 Metaspace       used 92916K, committed 94848K, reserved 1179648K
  class space    used 9178K, committed 10112K, reserved 1048576K
}
Event: 1221.517 GC heap before
{Heap before GC invocations=2460 (full 6):
 PSYoungGen      total 36352K, used 36345K [0x00000000d5580000, 0x00000000d8a00000, 0x0000000100000000)
  eden space 35328K, 100% used [0x00000000d5580000,0x00000000d7800000,0x00000000d7800000)
  from space 1024K, 99% used [0x00000000d8080000,0x00000000d817e5f8,0x00000000d8180000)
  to   space 8704K, 0% used [0x00000000d8180000,0x00000000d8180000,0x00000000d8a00000)
 ParOldGen       total 1096192K, used 332776K [0x0000000080000000, 0x00000000c2e80000, 0x00000000d5580000)
  object space 1096192K, 30% used [0x0000000080000000,0x00000000944fa0e8,0x00000000c2e80000)
 Metaspace       used 92924K, committed 94848K, reserved 1179648K
  class space    used 9178K, committed 10112K, reserved 1048576K
}
Event: 1221.542 GC heap after
{Heap after GC invocations=2460 (full 6):
 PSYoungGen      total 43008K, used 8688K [0x00000000d5580000, 0x00000000d8a00000, 0x0000000100000000)
  eden space 34304K, 0% used [0x00000000d5580000,0x00000000d5580000,0x00000000d7700000)
  from space 8704K, 99% used [0x00000000d8180000,0x00000000d89fc010,0x00000000d8a00000)
  to   space 9216K, 0% used [0x00000000d7800000,0x00000000d7800000,0x00000000d8100000)
 ParOldGen       total 1096192K, used 333856K [0x0000000080000000, 0x00000000c2e80000, 0x00000000d5580000)
  object space 1096192K, 30% used [0x0000000080000000,0x0000000094608220,0x00000000c2e80000)
 Metaspace       used 92924K, committed 94848K, reserved 1179648K
  class space    used 9178K, committed 10112K, reserved 1048576K
}
Event: 1462.261 GC heap before
{Heap before GC invocations=2461 (full 6):
 PSYoungGen      total 43008K, used 42992K [0x00000000d5580000, 0x00000000d8a00000, 0x0000000100000000)
  eden space 34304K, 100% used [0x00000000d5580000,0x00000000d7700000,0x00000000d7700000)
  from space 8704K, 99% used [0x00000000d8180000,0x00000000d89fc010,0x00000000d8a00000)
  to   space 9216K, 0% used [0x00000000d7800000,0x00000000d7800000,0x00000000d8100000)
 ParOldGen       total 1096192K, used 333856K [0x0000000080000000, 0x00000000c2e80000, 0x00000000d5580000)
  object space 1096192K, 30% used [0x0000000080000000,0x0000000094608220,0x00000000c2e80000)
 Metaspace       used 92958K, committed 94912K, reserved 1179648K
  class space    used 9178K, committed 10112K, reserved 1048576K
}
Event: 1462.455 GC heap after
{Heap after GC invocations=2461 (full 6):
 PSYoungGen      total 35328K, used 1213K [0x00000000d5580000, 0x00000000d8200000, 0x0000000100000000)
  eden space 33792K, 0% used [0x00000000d5580000,0x00000000d5580000,0x00000000d7680000)
  from space 1536K, 78% used [0x00000000d7800000,0x00000000d792f488,0x00000000d7980000)
  to   space 4096K, 0% used [0x00000000d7e00000,0x00000000d7e00000,0x00000000d8200000)
 ParOldGen       total 1096192K, used 342408K [0x0000000080000000, 0x00000000c2e80000, 0x00000000d5580000)
  object space 1096192K, 31% used [0x0000000080000000,0x0000000094e62220,0x00000000c2e80000)
 Metaspace       used 92958K, committed 94912K, reserved 1179648K
  class space    used 9178K, committed 10112K, reserved 1048576K
}
Event: 1463.419 GC heap before
{Heap before GC invocations=2462 (full 6):
 PSYoungGen      total 35328K, used 34962K [0x00000000d5580000, 0x00000000d8200000, 0x0000000100000000)
  eden space 33792K, 99% used [0x00000000d5580000,0x00000000d76753a8,0x00000000d7680000)
  from space 1536K, 78% used [0x00000000d7800000,0x00000000d792f488,0x00000000d7980000)
  to   space 4096K, 0% used [0x00000000d7e00000,0x00000000d7e00000,0x00000000d8200000)
 ParOldGen       total 1096192K, used 342408K [0x0000000080000000, 0x00000000c2e80000, 0x00000000d5580000)
  object space 1096192K, 31% used [0x0000000080000000,0x0000000094e62220,0x00000000c2e80000)
 Metaspace       used 93054K, committed 94976K, reserved 1179648K
  class space    used 9184K, committed 10112K, reserved 1048576K
}
Event: 1463.432 GC heap after
{Heap after GC invocations=2462 (full 6):
 PSYoungGen      total 37376K, used 4073K [0x00000000d5580000, 0x00000000d8300000, 0x0000000100000000)
  eden space 33280K, 0% used [0x00000000d5580000,0x00000000d5580000,0x00000000d7600000)
  from space 4096K, 99% used [0x00000000d7e00000,0x00000000d81fa540,0x00000000d8200000)
  to   space 6656K, 0% used [0x00000000d7600000,0x00000000d7600000,0x00000000d7c80000)
 ParOldGen       total 1096192K, used 343728K [0x0000000080000000, 0x00000000c2e80000, 0x00000000d5580000)
  object space 1096192K, 31% used [0x0000000080000000,0x0000000094fac008,0x00000000c2e80000)
 Metaspace       used 93054K, committed 94976K, reserved 1179648K
  class space    used 9184K, committed 10112K, reserved 1048576K
}
Event: 1530.435 GC heap before
{Heap before GC invocations=2463 (full 6):
 PSYoungGen      total 37376K, used 37353K [0x00000000d5580000, 0x00000000d8300000, 0x0000000100000000)
  eden space 33280K, 100% used [0x00000000d5580000,0x00000000d7600000,0x00000000d7600000)
  from space 4096K, 99% used [0x00000000d7e00000,0x00000000d81fa540,0x00000000d8200000)
  to   space 6656K, 0% used [0x00000000d7600000,0x00000000d7600000,0x00000000d7c80000)
 ParOldGen       total 1096192K, used 343728K [0x0000000080000000, 0x00000000c2e80000, 0x00000000d5580000)
  object space 1096192K, 31% used [0x0000000080000000,0x0000000094fac008,0x00000000c2e80000)
 Metaspace       used 93203K, committed 95104K, reserved 1179648K
  class space    used 9209K, committed 10112K, reserved 1048576K
}
Event: 1530.571 GC heap after
{Heap after GC invocations=2463 (full 6):
 PSYoungGen      total 34816K, used 1595K [0x00000000d5580000, 0x00000000d7e80000, 0x0000000100000000)
  eden space 32768K, 0% used [0x00000000d5580000,0x00000000d5580000,0x00000000d7580000)
  from space 2048K, 77% used [0x00000000d7600000,0x00000000d778ec90,0x00000000d7800000)
  to   space 3072K, 0% used [0x00000000d7b80000,0x00000000d7b80000,0x00000000d7e80000)
 ParOldGen       total 1096192K, used 343880K [0x0000000080000000, 0x00000000c2e80000, 0x00000000d5580000)
  object space 1096192K, 31% used [0x0000000080000000,0x0000000094fd2008,0x00000000c2e80000)
 Metaspace       used 93203K, committed 95104K, reserved 1179648K
  class space    used 9209K, committed 10112K, reserved 1048576K
}
Event: 1919.226 GC heap before
{Heap before GC invocations=2464 (full 6):
 PSYoungGen      total 34816K, used 34363K [0x00000000d5580000, 0x00000000d7e80000, 0x0000000100000000)
  eden space 32768K, 100% used [0x00000000d5580000,0x00000000d7580000,0x00000000d7580000)
  from space 2048K, 77% used [0x00000000d7600000,0x00000000d778ec90,0x00000000d7800000)
  to   space 3072K, 0% used [0x00000000d7b80000,0x00000000d7b80000,0x00000000d7e80000)
 ParOldGen       total 1096192K, used 343880K [0x0000000080000000, 0x00000000c2e80000, 0x00000000d5580000)
  object space 1096192K, 31% used [0x0000000080000000,0x0000000094fd2008,0x00000000c2e80000)
 Metaspace       used 93203K, committed 95104K, reserved 1179648K
  class space    used 9209K, committed 10112K, reserved 1048576K
}
Event: 1919.400 GC heap after
{Heap after GC invocations=2464 (full 6):
 PSYoungGen      total 34304K, used 2022K [0x00000000d5580000, 0x00000000d7d80000, 0x0000000100000000)
  eden space 32256K, 0% used [0x00000000d5580000,0x00000000d5580000,0x00000000d7500000)
  from space 2048K, 98% used [0x00000000d7b80000,0x00000000d7d79b00,0x00000000d7d80000)
  to   space 2560K, 0% used [0x00000000d7880000,0x00000000d7880000,0x00000000d7b00000)
 ParOldGen       total 1096192K, used 344176K [0x0000000080000000, 0x00000000c2e80000, 0x00000000d5580000)
  object space 1096192K, 31% used [0x0000000080000000,0x000000009501c008,0x00000000c2e80000)
 Metaspace       used 93203K, committed 95104K, reserved 1179648K
  class space    used 9209K, committed 10112K, reserved 1048576K
}
Event: 1921.467 GC heap before
{Heap before GC invocations=2465 (full 6):
 PSYoungGen      total 34304K, used 34278K [0x00000000d5580000, 0x00000000d7d80000, 0x0000000100000000)
  eden space 32256K, 100% used [0x00000000d5580000,0x00000000d7500000,0x00000000d7500000)
  from space 2048K, 98% used [0x00000000d7b80000,0x00000000d7d79b00,0x00000000d7d80000)
  to   space 2560K, 0% used [0x00000000d7880000,0x00000000d7880000,0x00000000d7b00000)
 ParOldGen       total 1096192K, used 344176K [0x0000000080000000, 0x00000000c2e80000, 0x00000000d5580000)
  object space 1096192K, 31% used [0x0000000080000000,0x000000009501c008,0x00000000c2e80000)
 Metaspace       used 93217K, committed 95168K, reserved 1179648K
  class space    used 9209K, committed 10112K, reserved 1048576K
}
Event: 1921.493 GC heap after
{Heap after GC invocations=2465 (full 6):
 PSYoungGen      total 34304K, used 2556K [0x00000000d5580000, 0x00000000d8380000, 0x0000000100000000)
  eden space 31744K, 0% used [0x00000000d5580000,0x00000000d5580000,0x00000000d7480000)
  from space 2560K, 99% used [0x00000000d7880000,0x00000000d7aff098,0x00000000d7b00000)
  to   space 7680K, 0% used [0x00000000d7c00000,0x00000000d7c00000,0x00000000d8380000)
 ParOldGen       total 1096192K, used 348087K [0x0000000080000000, 0x00000000c2e80000, 0x00000000d5580000)
  object space 1096192K, 31% used [0x0000000080000000,0x00000000953edc80,0x00000000c2e80000)
 Metaspace       used 93217K, committed 95168K, reserved 1179648K
  class space    used 9209K, committed 10112K, reserved 1048576K
}
Event: 2076.975 GC heap before
{Heap before GC invocations=2466 (full 6):
 PSYoungGen      total 34304K, used 34300K [0x00000000d5580000, 0x00000000d8380000, 0x0000000100000000)
  eden space 31744K, 100% used [0x00000000d5580000,0x00000000d7480000,0x00000000d7480000)
  from space 2560K, 99% used [0x00000000d7880000,0x00000000d7aff098,0x00000000d7b00000)
  to   space 7680K, 0% used [0x00000000d7c00000,0x00000000d7c00000,0x00000000d8380000)
 ParOldGen       total 1096192K, used 348087K [0x0000000080000000, 0x00000000c2e80000, 0x00000000d5580000)
  object space 1096192K, 31% used [0x0000000080000000,0x00000000953edc80,0x00000000c2e80000)
 Metaspace       used 93293K, committed 95232K, reserved 1179648K
  class space    used 9213K, committed 10112K, reserved 1048576K
}
Event: 2077.080 GC heap after
{Heap after GC invocations=2466 (full 6):
 PSYoungGen      total 34816K, used 3318K [0x00000000d5580000, 0x00000000d7f80000, 0x0000000100000000)
  eden space 31232K, 0% used [0x00000000d5580000,0x00000000d5580000,0x00000000d7400000)
  from space 3584K, 92% used [0x00000000d7c00000,0x00000000d7f3d9e0,0x00000000d7f80000)
  to   space 4608K, 0% used [0x00000000d7680000,0x00000000d7680000,0x00000000d7b00000)
 ParOldGen       total 1096192K, used 348638K [0x0000000080000000, 0x00000000c2e80000, 0x00000000d5580000)
  object space 1096192K, 31% used [0x0000000080000000,0x0000000095477a90,0x00000000c2e80000)
 Metaspace       used 93293K, committed 95232K, reserved 1179648K
  class space    used 9213K, committed 10112K, reserved 1048576K
}
Event: 2077.159 GC heap before
{Heap before GC invocations=2467 (full 6):
 PSYoungGen      total 34816K, used 34550K [0x00000000d5580000, 0x00000000d7f80000, 0x0000000100000000)
  eden space 31232K, 100% used [0x00000000d5580000,0x00000000d7400000,0x00000000d7400000)
  from space 3584K, 92% used [0x00000000d7c00000,0x00000000d7f3d9e0,0x00000000d7f80000)
  to   space 4608K, 0% used [0x00000000d7680000,0x00000000d7680000,0x00000000d7b00000)
 ParOldGen       total 1096192K, used 348638K [0x0000000080000000, 0x00000000c2e80000, 0x00000000d5580000)
  object space 1096192K, 31% used [0x0000000080000000,0x0000000095477a90,0x00000000c2e80000)
 Metaspace       used 93310K, committed 95232K, reserved 1179648K
  class space    used 9213K, committed 10112K, reserved 1048576K
}
Event: 2077.175 GC heap after
{Heap after GC invocations=2467 (full 6):
 PSYoungGen      total 35328K, used 4580K [0x00000000d5580000, 0x00000000d8480000, 0x0000000100000000)
  eden space 30720K, 0% used [0x00000000d5580000,0x00000000d5580000,0x00000000d7380000)
  from space 4608K, 99% used [0x00000000d7680000,0x00000000d7af9230,0x00000000d7b00000)
  to   space 8704K, 0% used [0x00000000d7c00000,0x00000000d7c00000,0x00000000d8480000)
 ParOldGen       total 1096192K, used 351651K [0x0000000080000000, 0x00000000c2e80000, 0x00000000d5580000)
  object space 1096192K, 32% used [0x0000000080000000,0x0000000095768d30,0x00000000c2e80000)
 Metaspace       used 93310K, committed 95232K, reserved 1179648K
  class space    used 9213K, committed 10112K, reserved 1048576K
}

