# JRE version: Java(TM) SE Runtime Environment (21.0.7+8) (build 21.0.7+8-LTS-245)
# Java VM: Java HotSpot(TM) 64-Bit Server VM (21.0.7+8-LTS-245, mixed mode, sharing, tiered, compressed oops, compressed class ptrs, g1 gc, windows-amd64)
GC Precious Log:
 CardTable entry size: 512
 Card Set container configuration: InlinePtr #cards 5 size 8 Array Of Cards #cards 12 size 40 Howl #buckets 4 coarsen threshold 1843 Howl Bitmap #cards 512 size 80 coarsen threshold 460 Card regions per heap region 1 cards per card region 2048
 CPUs: 16 total, 16 available
 Memory: 7876M
 Large Page Support: Disabled
 NUMA Support: Disabled
 Compressed Oops: Enabled (32-bit)
 Heap Region Size: 1M
 Heap Min Capacity: 256M
 Heap Initial Capacity: 256M
 Heap Max Capacity: 1G
 Pre-touch: Disabled
 Parallel Workers: 13
 Concurrent Workers: 3
 Concurrent Refinement Workers: 13
 Periodic GC: Disabled
Heap:
 garbage-first heap   total 262144K, used 173418K [0x00000000c0000000, 0x0000000100000000)
  region size 1024K, 108 young (110592K), 11 survivors (11264K)
 Metaspace       used 31242K, committed 31808K, reserved 1114112K
  class space    used 3370K, committed 3648K, reserved 1048576K
GC Heap History (14 events):
Event: 0.701 GC heap before
{Heap before GC invocations=0 (full 0):
 garbage-first heap   total 262144K, used 23552K [0x00000000c0000000, 0x0000000100000000)
  region size 1024K, 23 young (23552K), 0 survivors (0K)
 Metaspace       used 5642K, committed 5888K, reserved 1114112K
  class space    used 647K, committed 768K, reserved 1048576K
}
Event: 0.707 GC heap after
{Heap after GC invocations=1 (full 0):
 garbage-first heap   total 262144K, used 3756K [0x00000000c0000000, 0x0000000100000000)
  region size 1024K, 3 young (3072K), 3 survivors (3072K)
 Metaspace       used 5642K, committed 5888K, reserved 1114112K
  class space    used 647K, committed 768K, reserved 1048576K
}
Event: 1.626 GC heap before
{Heap before GC invocations=1 (full 0):
 garbage-first heap   total 262144K, used 35500K [0x00000000c0000000, 0x0000000100000000)
  region size 1024K, 34 young (34816K), 3 survivors (3072K)
 Metaspace       used 9840K, committed 10048K, reserved 1114112K
  class space    used 1152K, committed 1216K, reserved 1048576K
}
Event: 1.630 GC heap after
{Heap after GC invocations=2 (full 0):
 garbage-first heap   total 262144K, used 5511K [0x00000000c0000000, 0x0000000100000000)
  region size 1024K, 2 young (2048K), 2 survivors (2048K)
 Metaspace       used 9840K, committed 10048K, reserved 1114112K
  class space    used 1152K, committed 1216K, reserved 1048576K
}
Event: 7.032 GC heap before
{Heap before GC invocations=2 (full 0):
 garbage-first heap   total 262144K, used 192903K [0x00000000c0000000, 0x0000000100000000)
  region size 1024K, 153 young (156672K), 2 survivors (2048K)
 Metaspace       used 18995K, committed 19328K, reserved 1114112K
  class space    used 2080K, committed 2240K, reserved 1048576K
}
Event: 7.056 GC heap after
{Heap after GC invocations=3 (full 0):
 garbage-first heap   total 262144K, used 17175K [0x00000000c0000000, 0x0000000100000000)
  region size 1024K, 14 young (14336K), 14 survivors (14336K)
 Metaspace       used 18995K, committed 19328K, reserved 1114112K
  class space    used 2080K, committed 2240K, reserved 1048576K
}
Event: 7.538 GC heap before
{Heap before GC invocations=3 (full 0):
 garbage-first heap   total 262144K, used 46871K [0x00000000c0000000, 0x0000000100000000)
  region size 1024K, 37 young (37888K), 14 survivors (14336K)
 Metaspace       used 21211K, committed 21504K, reserved 1114112K
  class space    used 2342K, committed 2496K, reserved 1048576K
}
Event: 7.546 GC heap after
{Heap after GC invocations=4 (full 0):
 garbage-first heap   total 262144K, used 28666K [0x00000000c0000000, 0x0000000100000000)
  region size 1024K, 6 young (6144K), 6 survivors (6144K)
 Metaspace       used 21211K, committed 21504K, reserved 1114112K
  class space    used 2342K, committed 2496K, reserved 1048576K
}
Event: 9.415 GC heap before
{Heap before GC invocations=5 (full 0):
 garbage-first heap   total 262144K, used 182266K [0x00000000c0000000, 0x0000000100000000)
  region size 1024K, 153 young (156672K), 6 survivors (6144K)
 Metaspace       used 27817K, committed 28224K, reserved 1114112K
  class space    used 3024K, committed 3200K, reserved 1048576K
}
Event: 9.440 GC heap after
{Heap after GC invocations=6 (full 0):
 garbage-first heap   total 262144K, used 62464K [0x00000000c0000000, 0x0000000100000000)
  region size 1024K, 20 young (20480K), 20 survivors (20480K)
 Metaspace       used 27817K, committed 28224K, reserved 1114112K
  class space    used 3024K, committed 3200K, reserved 1048576K
}
Event: 10.517 GC heap before
{Heap before GC invocations=6 (full 0):
 garbage-first heap   total 262144K, used 197632K [0x00000000c0000000, 0x0000000100000000)
  region size 1024K, 153 young (156672K), 20 survivors (20480K)
 Metaspace       used 30309K, committed 30720K, reserved 1114112K
  class space    used 3261K, committed 3456K, reserved 1048576K
}
Event: 10.532 GC heap after
{Heap after GC invocations=7 (full 0):
 garbage-first heap   total 262144K, used 68051K [0x00000000c0000000, 0x0000000100000000)
  region size 1024K, 5 young (5120K), 5 survivors (5120K)
 Metaspace       used 30309K, committed 30720K, reserved 1114112K
  class space    used 3261K, committed 3456K, reserved 1048576K
}
Event: 11.201 GC heap before
{Heap before GC invocations=7 (full 0):
 garbage-first heap   total 262144K, used 216531K [0x00000000c0000000, 0x0000000100000000)
  region size 1024K, 150 young (153600K), 5 survivors (5120K)
 Metaspace       used 31063K, committed 31552K, reserved 1114112K
  class space    used 3348K, committed 3584K, reserved 1048576K
}
Event: 11.211 GC heap after
{Heap after GC invocations=8 (full 0):
 garbage-first heap   total 262144K, used 74090K [0x00000000c0000000, 0x0000000100000000)
  region size 1024K, 11 young (11264K), 11 survivors (11264K)
 Metaspace       used 31063K, committed 31552K, reserved 1114112K
  class space    used 3348K, committed 3584K, reserved 1048576K
}

