# JRE version: Java(TM) SE Runtime Environment (21.0.7+8) (build 21.0.7+8-LTS-245)
# Java VM: Java HotSpot(TM) 64-Bit Server VM (21.0.7+8-LTS-245, mixed mode, sharing, tiered, compressed oops, compressed class ptrs, g1 gc, windows-amd64)
GC Precious Log:
 CardTable entry size: 512
 Card Set container configuration: InlinePtr #cards 5 size 8 Array Of Cards #cards 12 size 40 Howl #buckets 4 coarsen threshold 1843 Howl Bitmap #cards 512 size 80 coarsen threshold 460 Card regions per heap region 1 cards per card region 2048
 CPUs: 16 total, 16 available
 Memory: 7876M
 Large Page Support: Disabled
 NUMA Support: Disabled
 Compressed Oops: Enabled (32-bit)
 Heap Region Size: 1M
 Heap Min Capacity: 8M
 Heap Initial Capacity: 124M
 Heap Max Capacity: 1970M
 Pre-touch: Disabled
 Parallel Workers: 13
 Concurrent Workers: 3
 Concurrent Refinement Workers: 13
 Periodic GC: Disabled
Heap:
 garbage-first heap   total 245760K, used 102745K [0x0000000084e00000, 0x0000000100000000)
  region size 1024K, 11 young (11264K), 2 survivors (2048K)
 Metaspace       used 31395K, committed 32000K, reserved 1114112K
  class space    used 3381K, committed 3648K, reserved 1048576K
GC Heap History (20 events):
Event: 6.341 GC heap after
{Heap after GC invocations=8 (full 0):
 garbage-first heap   total 152576K, used 57856K [0x0000000084e00000, 0x0000000100000000)
  region size 1024K, 8 young (8192K), 8 survivors (8192K)
 Metaspace       used 27715K, committed 28096K, reserved 1114112K
  class space    used 3024K, committed 3200K, reserved 1048576K
}
Event: 6.874 GC heap before
{Heap before GC invocations=8 (full 0):
 garbage-first heap   total 152576K, used 119296K [0x0000000084e00000, 0x0000000100000000)
  region size 1024K, 69 young (70656K), 8 survivors (8192K)
 Metaspace       used 29038K, committed 29440K, reserved 1114112K
  class space    used 3133K, committed 3328K, reserved 1048576K
}
Event: 6.884 GC heap after
{Heap after GC invocations=9 (full 0):
 garbage-first heap   total 152576K, used 62976K [0x0000000084e00000, 0x0000000100000000)
  region size 1024K, 5 young (5120K), 5 survivors (5120K)
 Metaspace       used 29038K, committed 29440K, reserved 1114112K
  class space    used 3133K, committed 3328K, reserved 1048576K
}
Event: 7.244 GC heap before
{Heap before GC invocations=9 (full 0):
 garbage-first heap   total 152576K, used 125440K [0x0000000084e00000, 0x0000000100000000)
  region size 1024K, 66 young (67584K), 5 survivors (5120K)
 Metaspace       used 30288K, committed 30720K, reserved 1114112K
  class space    used 3261K, committed 3456K, reserved 1048576K
}
Event: 7.250 GC heap after
{Heap after GC invocations=10 (full 0):
 garbage-first heap   total 152576K, used 63693K [0x0000000084e00000, 0x0000000100000000)
  region size 1024K, 6 young (6144K), 6 survivors (6144K)
 Metaspace       used 30288K, committed 30720K, reserved 1114112K
  class space    used 3261K, committed 3456K, reserved 1048576K
}
Event: 7.516 GC heap before
{Heap before GC invocations=10 (full 0):
 garbage-first heap   total 152576K, used 129229K [0x0000000084e00000, 0x0000000100000000)
  region size 1024K, 70 young (71680K), 6 survivors (6144K)
 Metaspace       used 30800K, committed 31296K, reserved 1114112K
  class space    used 3339K, committed 3584K, reserved 1048576K
}
Event: 7.522 GC heap after
{Heap after GC invocations=11 (full 0):
 garbage-first heap   total 152576K, used 64803K [0x0000000084e00000, 0x0000000100000000)
  region size 1024K, 2 young (2048K), 2 survivors (2048K)
 Metaspace       used 30800K, committed 31296K, reserved 1114112K
  class space    used 3339K, committed 3584K, reserved 1048576K
}
Event: 7.869 GC heap before
{Heap before GC invocations=11 (full 0):
 garbage-first heap   total 152576K, used 132387K [0x0000000084e00000, 0x0000000100000000)
  region size 1024K, 68 young (69632K), 2 survivors (2048K)
 Metaspace       used 31020K, committed 31488K, reserved 1114112K
  class space    used 3346K, committed 3584K, reserved 1048576K
}
Event: 7.876 GC heap after
{Heap after GC invocations=12 (full 0):
 garbage-first heap   total 183296K, used 68555K [0x0000000084e00000, 0x0000000100000000)
  region size 1024K, 6 young (6144K), 6 survivors (6144K)
 Metaspace       used 31020K, committed 31488K, reserved 1114112K
  class space    used 3346K, committed 3584K, reserved 1048576K
}
Event: 8.151 GC heap before
{Heap before GC invocations=12 (full 0):
 garbage-first heap   total 183296K, used 158667K [0x0000000084e00000, 0x0000000100000000)
  region size 1024K, 95 young (97280K), 6 survivors (6144K)
 Metaspace       used 31175K, committed 31680K, reserved 1114112K
  class space    used 3366K, committed 3584K, reserved 1048576K
}
Event: 8.159 GC heap after
{Heap after GC invocations=13 (full 0):
 garbage-first heap   total 183296K, used 71820K [0x0000000084e00000, 0x0000000100000000)
  region size 1024K, 9 young (9216K), 9 survivors (9216K)
 Metaspace       used 31175K, committed 31680K, reserved 1114112K
  class space    used 3366K, committed 3584K, reserved 1048576K
}
Event: 8.377 GC heap before
{Heap before GC invocations=13 (full 0):
 garbage-first heap   total 183296K, used 161932K [0x0000000084e00000, 0x0000000100000000)
  region size 1024K, 96 young (98304K), 9 survivors (9216K)
 Metaspace       used 31304K, committed 31872K, reserved 1114112K
  class space    used 3378K, committed 3648K, reserved 1048576K
}
Event: 8.390 GC heap after
{Heap after GC invocations=14 (full 0):
 garbage-first heap   total 183296K, used 76800K [0x0000000084e00000, 0x0000000100000000)
  region size 1024K, 8 young (8192K), 8 survivors (8192K)
 Metaspace       used 31304K, committed 31872K, reserved 1114112K
  class space    used 3378K, committed 3648K, reserved 1048576K
}
Event: 8.600 GC heap before
{Heap before GC invocations=14 (full 0):
 garbage-first heap   total 183296K, used 165888K [0x0000000084e00000, 0x0000000100000000)
  region size 1024K, 93 young (95232K), 8 survivors (8192K)
 Metaspace       used 31348K, committed 31936K, reserved 1114112K
  class space    used 3380K, committed 3648K, reserved 1048576K
}
Event: 8.613 GC heap after
{Heap after GC invocations=15 (full 0):
 garbage-first heap   total 183296K, used 83968K [0x0000000084e00000, 0x0000000100000000)
  region size 1024K, 10 young (10240K), 10 survivors (10240K)
 Metaspace       used 31348K, committed 31936K, reserved 1114112K
  class space    used 3380K, committed 3648K, reserved 1048576K
}
Event: 8.742 GC heap before
{Heap before GC invocations=15 (full 0):
 garbage-first heap   total 183296K, used 162816K [0x0000000084e00000, 0x0000000100000000)
  region size 1024K, 87 young (89088K), 10 survivors (10240K)
 Metaspace       used 31369K, committed 31936K, reserved 1114112K
  class space    used 3380K, committed 3648K, reserved 1048576K
}
Event: 8.755 GC heap after
{Heap after GC invocations=16 (full 0):
 garbage-first heap   total 245760K, used 88921K [0x0000000084e00000, 0x0000000100000000)
  region size 1024K, 10 young (10240K), 10 survivors (10240K)
 Metaspace       used 31369K, committed 31936K, reserved 1114112K
  class space    used 3380K, committed 3648K, reserved 1048576K
}
Event: 8.937 GC heap before
{Heap before GC invocations=16 (full 0):
 garbage-first heap   total 245760K, used 223065K [0x0000000084e00000, 0x0000000100000000)
  region size 1024K, 141 young (144384K), 10 survivors (10240K)
 Metaspace       used 31388K, committed 32000K, reserved 1114112K
  class space    used 3381K, committed 3648K, reserved 1048576K
}
Event: 8.948 GC heap after
{Heap after GC invocations=17 (full 0):
 garbage-first heap   total 245760K, used 93141K [0x0000000084e00000, 0x0000000100000000)
  region size 1024K, 14 young (14336K), 14 survivors (14336K)
 Metaspace       used 31388K, committed 32000K, reserved 1114112K
  class space    used 3381K, committed 3648K, reserved 1048576K
}
Event: 9.078 GC heap before
{Heap before GC invocations=17 (full 0):
 garbage-first heap   total 245760K, used 219093K [0x0000000084e00000, 0x0000000100000000)
  region size 1024K, 137 young (140288K), 14 survivors (14336K)
 Metaspace       used 31395K, committed 32000K, reserved 1114112K
  class space    used 3381K, committed 3648K, reserved 1048576K
}

